{"uuid":"458f5b09-4bac-40d8-95b7-e29235a48fc8","historyId":"a7b15fd3a08393b11411c8ce33ca25ad","fullName":"Login en Swag Labs con un usuario estandar: Agregar productos al carrito y eliminarlos","labels":[{"name":"tag","value":"AgregadoProductos"},{"name":"tag","value":"AgregadoProductos_5"},{"name":"host","value":"DESKTOP-A0P3B73"},{"name":"thread","value":"23232@DESKTOP-A0P3B73.TestNG-PoolService-0(16)"},{"name":"feature","value":"Login en Swag Labs con un usuario estandar"},{"name":"story","value":"Agregar productos al carrito y eliminarlos"},{"name":"suite","value":"Login en Swag Labs con un usuario estandar"},{"name":"testClass","value":"Agregar productos al carrito y eliminarlos"},{"name":"framework","value":"cucumber4jvm"},{"name":"language","value":"java"},{"name":"gherkin_uri","value":"file:///C:/Users/Elola/Desktop/challenge-crowdar/src/test/resources/features/agregadoProductos_5.feature"},{"name":"package","value":"src.test.resources.features.agregadoProductos_5_feature.Login en Swag Labs con un usuario estandar"}],"links":[],"name":"Agregar productos al carrito y eliminarlos","status":"broken","statusDetails":{"known":false,"muted":false,"flaky":false,"message":"java.lang.AssertionError: expected [2] but found [3]","trace":"java.lang.RuntimeException: java.lang.AssertionError: expected [2] but found [3]\r\n\tat base.SeleniumActions.lambda$perform$0(SeleniumActions.java:56)\r\n\tat java.base/java.util.ArrayList.forEach(ArrayList.java:1541)\r\n\tat base.SeleniumActions.perform(SeleniumActions.java:52)\r\n\tat pages.actions.InventoryPageActions.validarCantidadProductosCarrito(InventoryPageActions.java:53)\r\n\tat pages.tasks.InventoryPageTasks.validarCantProductosCarrito(InventoryPageTasks.java:29)\r\n\tat ✽.el usuario debe tener 2 productos en el carrito(file:///C:/Users/Elola/Desktop/challenge-crowdar/src/test/resources/features/agregadoProductos_5.feature:16)\r\nCaused by: java.lang.AssertionError: expected [2] but found [3]\r\n\tat org.testng.Assert.fail(Assert.java:111)\r\n\tat org.testng.Assert.failNotEquals(Assert.java:1578)\r\n\tat org.testng.Assert.assertEqualsImpl(Assert.java:150)\r\n\tat org.testng.Assert.assertEquals(Assert.java:132)\r\n\tat org.testng.Assert.assertEquals(Assert.java:656)\r\n\tat org.testng.Assert.assertEquals(Assert.java:666)\r\n\tat base.asserts.SeleniumAsserts.assertText(SeleniumAsserts.java:17)\r\n\tat base.SeleniumActions.lambda$assertText$5(SeleniumActions.java:103)\r\n\tat base.SeleniumActions.lambda$perform$0(SeleniumActions.java:54)\r\n\tat java.base/java.util.ArrayList.forEach(ArrayList.java:1541)\r\n\tat base.SeleniumActions.perform(SeleniumActions.java:52)\r\n\tat pages.actions.InventoryPageActions.validarCantidadProductosCarrito(InventoryPageActions.java:53)\r\n\tat pages.tasks.InventoryPageTasks.validarCantProductosCarrito(InventoryPageTasks.java:29)\r\n\tat java.base/jdk.internal.reflect.NativeMethodAccessorImpl.invoke0(Native Method)\r\n\tat java.base/jdk.internal.reflect.NativeMethodAccessorImpl.invoke(NativeMethodAccessorImpl.java:62)\r\n\tat java.base/jdk.internal.reflect.DelegatingMethodAccessorImpl.invoke(DelegatingMethodAccessorImpl.java:43)\r\n\tat java.base/java.lang.reflect.Method.invoke(Method.java:566)\r\n\tat io.cucumber.java.Invoker.doInvoke(Invoker.java:66)\r\n\tat io.cucumber.java.Invoker.invoke(Invoker.java:24)\r\n\tat io.cucumber.java.AbstractGlueDefinition.invokeMethod(AbstractGlueDefinition.java:47)\r\n\tat io.cucumber.java.JavaStepDefinition.execute(JavaStepDefinition.java:29)\r\n\tat io.cucumber.core.runner.CoreStepDefinition.execute(CoreStepDefinition.java:66)\r\n\tat io.cucumber.core.runner.PickleStepDefinitionMatch.runStep(PickleStepDefinitionMatch.java:63)\r\n\tat io.cucumber.core.runner.ExecutionMode$1.execute(ExecutionMode.java:10)\r\n\tat io.cucumber.core.runner.TestStep.executeStep(TestStep.java:86)\r\n\tat io.cucumber.core.runner.TestStep.run(TestStep.java:57)\r\n\tat io.cucumber.core.runner.PickleStepTestStep.run(PickleStepTestStep.java:51)\r\n\tat io.cucumber.core.runner.TestCase.run(TestCase.java:95)\r\n\tat io.cucumber.core.runner.Runner.runPickle(Runner.java:75)\r\n\tat io.cucumber.testng.TestNGCucumberRunner.lambda$runScenario$1(TestNGCucumberRunner.java:132)\r\n\tat io.cucumber.core.runtime.CucumberExecutionContext.lambda$runTestCase$3(CucumberExecutionContext.java:151)\r\n\tat io.cucumber.core.runtime.RethrowingThrowableCollector.executeAndThrow(RethrowingThrowableCollector.java:23)\r\n\tat io.cucumber.core.runtime.CucumberExecutionContext.runTestCase(CucumberExecutionContext.java:151)\r\n\tat io.cucumber.testng.TestNGCucumberRunner.runScenario(TestNGCucumberRunner.java:129)\r\n\tat io.cucumber.testng.AbstractTestNGCucumberTests.runScenario(AbstractTestNGCucumberTests.java:35)\r\n\tat java.base/jdk.internal.reflect.NativeMethodAccessorImpl.invoke0(Native Method)\r\n\tat java.base/jdk.internal.reflect.NativeMethodAccessorImpl.invoke(NativeMethodAccessorImpl.java:62)\r\n\tat java.base/jdk.internal.reflect.DelegatingMethodAccessorImpl.invoke(DelegatingMethodAccessorImpl.java:43)\r\n\tat java.base/java.lang.reflect.Method.invoke(Method.java:566)\r\n\tat org.testng.internal.invokers.MethodInvocationHelper.invokeMethod(MethodInvocationHelper.java:139)\r\n\tat org.testng.internal.invokers.TestInvoker.invokeMethod(TestInvoker.java:664)\r\n\tat org.testng.internal.invokers.TestInvoker.invokeTestMethod(TestInvoker.java:227)\r\n\tat org.testng.internal.invokers.TestMethodWithDataProviderMethodWorker.call(TestMethodWithDataProviderMethodWorker.java:80)\r\n\tat org.testng.internal.invokers.TestMethodWithDataProviderMethodWorker.call(TestMethodWithDataProviderMethodWorker.java:17)\r\n\tat java.base/java.util.concurrent.FutureTask.run(FutureTask.java:264)\r\n\tat java.base/java.util.concurrent.Executors$RunnableAdapter.call(Executors.java:515)\r\n\tat java.base/java.util.concurrent.FutureTask.run(FutureTask.java:264)\r\n\tat java.base/java.util.concurrent.ThreadPoolExecutor.runWorker(ThreadPoolExecutor.java:1128)\r\n\tat java.base/java.util.concurrent.ThreadPoolExecutor$Worker.run(ThreadPoolExecutor.java:628)\r\n\tat java.base/java.lang.Thread.run(Thread.java:829)\r\n"},"stage":"finished","description":"  Se realiza un inicio de sesión con usuario standard en la página de Swag Labs.","steps":[{"name":"Dada  la pagina de login","status":"passed","statusDetails":{"known":false,"muted":false,"flaky":false},"stage":"finished","steps":[],"attachments":[],"parameters":[],"start":1725851722777,"stop":1725851726043},{"name":"Cuando  el usuario 'STANDARD_USER' ingresa sus datos de ingreso","status":"passed","statusDetails":{"known":false,"muted":false,"flaky":false},"stage":"finished","steps":[],"attachments":[],"parameters":[],"start":1725851726056,"stop":1725851726166},{"name":"Entonces  el usuario hace click en el boton de login","status":"passed","statusDetails":{"known":false,"muted":false,"flaky":false},"stage":"finished","steps":[],"attachments":[],"parameters":[],"start":1725851726170,"stop":1725851726441},{"name":"Dada  la pagina de inventario de productos","status":"passed","statusDetails":{"known":false,"muted":false,"flaky":false},"stage":"finished","steps":[],"attachments":[],"parameters":[],"start":1725851726442,"stop":1725851726495},{"name":"Cuando  el usuario agrega 4 productos al carrito","status":"passed","statusDetails":{"known":false,"muted":false,"flaky":false},"stage":"finished","steps":[],"attachments":[],"parameters":[],"start":1725851726496,"stop":1725851727545},{"name":"Y  el usuario elimina 1 productos del carrito","status":"passed","statusDetails":{"known":false,"muted":false,"flaky":false},"stage":"finished","steps":[],"attachments":[],"parameters":[],"start":1725851727545,"stop":1725851727771},{"name":"Entonces  el usuario debe tener 2 productos en el carrito","status":"broken","statusDetails":{"known":false,"muted":false,"flaky":false,"message":"java.lang.AssertionError: expected [2] but found [3]","trace":"java.lang.RuntimeException: java.lang.AssertionError: expected [2] but found [3]\r\n\tat base.SeleniumActions.lambda$perform$0(SeleniumActions.java:56)\r\n\tat java.base/java.util.ArrayList.forEach(ArrayList.java:1541)\r\n\tat base.SeleniumActions.perform(SeleniumActions.java:52)\r\n\tat pages.actions.InventoryPageActions.validarCantidadProductosCarrito(InventoryPageActions.java:53)\r\n\tat pages.tasks.InventoryPageTasks.validarCantProductosCarrito(InventoryPageTasks.java:29)\r\n\tat ✽.el usuario debe tener 2 productos en el carrito(file:///C:/Users/Elola/Desktop/challenge-crowdar/src/test/resources/features/agregadoProductos_5.feature:16)\r\nCaused by: java.lang.AssertionError: expected [2] but found [3]\r\n\tat org.testng.Assert.fail(Assert.java:111)\r\n\tat org.testng.Assert.failNotEquals(Assert.java:1578)\r\n\tat org.testng.Assert.assertEqualsImpl(Assert.java:150)\r\n\tat org.testng.Assert.assertEquals(Assert.java:132)\r\n\tat org.testng.Assert.assertEquals(Assert.java:656)\r\n\tat org.testng.Assert.assertEquals(Assert.java:666)\r\n\tat base.asserts.SeleniumAsserts.assertText(SeleniumAsserts.java:17)\r\n\tat base.SeleniumActions.lambda$assertText$5(SeleniumActions.java:103)\r\n\tat base.SeleniumActions.lambda$perform$0(SeleniumActions.java:54)\r\n\tat java.base/java.util.ArrayList.forEach(ArrayList.java:1541)\r\n\tat base.SeleniumActions.perform(SeleniumActions.java:52)\r\n\tat pages.actions.InventoryPageActions.validarCantidadProductosCarrito(InventoryPageActions.java:53)\r\n\tat pages.tasks.InventoryPageTasks.validarCantProductosCarrito(InventoryPageTasks.java:29)\r\n\tat java.base/jdk.internal.reflect.NativeMethodAccessorImpl.invoke0(Native Method)\r\n\tat java.base/jdk.internal.reflect.NativeMethodAccessorImpl.invoke(NativeMethodAccessorImpl.java:62)\r\n\tat java.base/jdk.internal.reflect.DelegatingMethodAccessorImpl.invoke(DelegatingMethodAccessorImpl.java:43)\r\n\tat java.base/java.lang.reflect.Method.invoke(Method.java:566)\r\n\tat io.cucumber.java.Invoker.doInvoke(Invoker.java:66)\r\n\tat io.cucumber.java.Invoker.invoke(Invoker.java:24)\r\n\tat io.cucumber.java.AbstractGlueDefinition.invokeMethod(AbstractGlueDefinition.java:47)\r\n\tat io.cucumber.java.JavaStepDefinition.execute(JavaStepDefinition.java:29)\r\n\tat io.cucumber.core.runner.CoreStepDefinition.execute(CoreStepDefinition.java:66)\r\n\tat io.cucumber.core.runner.PickleStepDefinitionMatch.runStep(PickleStepDefinitionMatch.java:63)\r\n\tat io.cucumber.core.runner.ExecutionMode$1.execute(ExecutionMode.java:10)\r\n\tat io.cucumber.core.runner.TestStep.executeStep(TestStep.java:86)\r\n\tat io.cucumber.core.runner.TestStep.run(TestStep.java:57)\r\n\tat io.cucumber.core.runner.PickleStepTestStep.run(PickleStepTestStep.java:51)\r\n\tat io.cucumber.core.runner.TestCase.run(TestCase.java:95)\r\n\tat io.cucumber.core.runner.Runner.runPickle(Runner.java:75)\r\n\tat io.cucumber.testng.TestNGCucumberRunner.lambda$runScenario$1(TestNGCucumberRunner.java:132)\r\n\tat io.cucumber.core.runtime.CucumberExecutionContext.lambda$runTestCase$3(CucumberExecutionContext.java:151)\r\n\tat io.cucumber.core.runtime.RethrowingThrowableCollector.executeAndThrow(RethrowingThrowableCollector.java:23)\r\n\tat io.cucumber.core.runtime.CucumberExecutionContext.runTestCase(CucumberExecutionContext.java:151)\r\n\tat io.cucumber.testng.TestNGCucumberRunner.runScenario(TestNGCucumberRunner.java:129)\r\n\tat io.cucumber.testng.AbstractTestNGCucumberTests.runScenario(AbstractTestNGCucumberTests.java:35)\r\n\tat java.base/jdk.internal.reflect.NativeMethodAccessorImpl.invoke0(Native Method)\r\n\tat java.base/jdk.internal.reflect.NativeMethodAccessorImpl.invoke(NativeMethodAccessorImpl.java:62)\r\n\tat java.base/jdk.internal.reflect.DelegatingMethodAccessorImpl.invoke(DelegatingMethodAccessorImpl.java:43)\r\n\tat java.base/java.lang.reflect.Method.invoke(Method.java:566)\r\n\tat org.testng.internal.invokers.MethodInvocationHelper.invokeMethod(MethodInvocationHelper.java:139)\r\n\tat org.testng.internal.invokers.TestInvoker.invokeMethod(TestInvoker.java:664)\r\n\tat org.testng.internal.invokers.TestInvoker.invokeTestMethod(TestInvoker.java:227)\r\n\tat org.testng.internal.invokers.TestMethodWithDataProviderMethodWorker.call(TestMethodWithDataProviderMethodWorker.java:80)\r\n\tat org.testng.internal.invokers.TestMethodWithDataProviderMethodWorker.call(TestMethodWithDataProviderMethodWorker.java:17)\r\n\tat java.base/java.util.concurrent.FutureTask.run(FutureTask.java:264)\r\n\tat java.base/java.util.concurrent.Executors$RunnableAdapter.call(Executors.java:515)\r\n\tat java.base/java.util.concurrent.FutureTask.run(FutureTask.java:264)\r\n\tat java.base/java.util.concurrent.ThreadPoolExecutor.runWorker(ThreadPoolExecutor.java:1128)\r\n\tat java.base/java.util.concurrent.ThreadPoolExecutor$Worker.run(ThreadPoolExecutor.java:628)\r\n\tat java.base/java.lang.Thread.run(Thread.java:829)\r\n"},"stage":"finished","steps":[],"attachments":[],"parameters":[],"start":1725851727772,"stop":1725851727798}],"attachments":[],"parameters":[],"start":1725851722774,"stop":1725851727872}